 DEBUG runtime  -  --MPJRun.java invoked--
 DEBUG runtime  - [MPJRun.java]: processInput called ...
 DEBUG runtime  - ###########################
 DEBUG runtime  - -dport: <40055>
 DEBUG runtime  - -np: <2>
 DEBUG runtime  - $MPJ_HOME: </Users/senior/Desktop/Dilmun/MPJDilmun/mpj>
 DEBUG runtime  - -dir: <null>
<<<<<<< HEAD
 DEBUG runtime  - -dev: <multicore>
 DEBUG runtime  - -psl: <131072>
 DEBUG runtime  - jvmArgs.length: <0>
 DEBUG runtime  - className : <HelloWorld>
 DEBUG runtime  - applicationClassPathEntry: </Users/senior/Desktop/Dilmun/MPJDilmun/mpj/mpj-user>
 DEBUG runtime  - -yarn: <false>
 DEBUG runtime  - $HADOOP_HOME: <null>
 DEBUG runtime  - -amMem: <null>
 DEBUG runtime  - -amCores: <null>
 DEBUG runtime  - -containerMem: <null>
 DEBUG runtime  - -yarnQueue: <null>
 DEBUG runtime  - -appName: <null>
 DEBUG runtime  - -amPriority: <null>
 DEBUG runtime  - -mpjContainerPriority: <null>
 DEBUG runtime  - -hdfsFolder: <null>
 DEBUG runtime  - appArgs.length: <0>
 DEBUG runtime  - ###########################
 DEBUG runtime  - className HelloWorld
 DEBUG runtime  - mpjHomeDir /Users/senior/Desktop/Dilmun/MPJDilmun/mpj/
 DEBUG runtime  - McDaemon is waiting to accept connections ... 
 DEBUG runtime  - wdir /Users/senior/Desktop/Dilmun/MPJDilmun/mpj/mpj-user
 DEBUG runtime  - A client has connected
 DEBUG runtime  - the daemon will start <2> threads
 DEBUG runtime  - cp = /Users/senior/Desktop/Dilmun/MPJDilmun/mpj//lib/smpdev.jar:/Users/senior/Desktop/Dilmun/MPJDilmun/mpj//lib/xdev.jar:/Users/senior/Desktop/Dilmun/MPJDilmun/mpj//lib/mpjbuf.jar:/Users/senior/Desktop/Dilmun/MPJDilmun/mpj//lib/loader2.jar:/Users/senior/Desktop/Dilmun/MPJDilmun/mpj//lib/starter.jar:/Users/senior/Desktop/Dilmun/MPJDilmun/mpj//lib/mpiExp.jar
 DEBUG runtime  - modified: jArgs[0]=-cp
 DEBUG runtime  - modified: jArgs[1]=/Users/senior/Desktop/Dilmun/MPJDilmun/mpj//lib/smpdev.jar:/Users/senior/Desktop/Dilmun/MPJDilmun/mpj//lib/xdev.jar:/Users/senior/Desktop/Dilmun/MPJDilmun/mpj//lib/mpjbuf.jar:/Users/senior/Desktop/Dilmun/MPJDilmun/mpj//lib/loader2.jar:/Users/senior/Desktop/Dilmun/MPJDilmun/mpj//lib/starter.jar:/Users/senior/Desktop/Dilmun/MPJDilmun/mpj//lib/mpiExp.jar
 DEBUG runtime  - 0: java
 DEBUG runtime  - 1: -cp
 DEBUG runtime  - 2: /Users/senior/Desktop/Dilmun/MPJDilmun/mpj//lib/smpdev.jar:/Users/senior/Desktop/Dilmun/MPJDilmun/mpj//lib/xdev.jar:/Users/senior/Desktop/Dilmun/MPJDilmun/mpj//lib/mpjbuf.jar:/Users/senior/Desktop/Dilmun/MPJDilmun/mpj//lib/loader2.jar:/Users/senior/Desktop/Dilmun/MPJDilmun/mpj//lib/starter.jar:/Users/senior/Desktop/Dilmun/MPJDilmun/mpj//lib/mpiExp.jar
 DEBUG runtime  - 3: runtime.starter.MulticoreStarter
 DEBUG runtime  - 4: /Users/senior/Desktop/Dilmun/MPJDilmun/mpj/mpj-user
 DEBUG runtime  - 5: 2
 DEBUG runtime  - 6: smpdev
 DEBUG runtime  - 7: useLocalLoader
 DEBUG runtime  - 8: EMPTY
 DEBUG runtime  - 9: HelloWorld
 DEBUG runtime  - creating process-builder object 
 DEBUG runtime  - wdir =/Users/senior/Desktop/Dilmun/MPJDilmun/mpj/mpj-user
 DEBUG runtime  - starting the MultithreadStarter.
 DEBUG runtime  - started the MultithreadStarter.
 DEBUG runtime  - Stopping the output
 DEBUG runtime  - outputting ...
 DEBUG runtime  -  --MPJRun.java invoked--
 DEBUG runtime  - [MPJRun.java]: processInput called ...
 DEBUG runtime  - ###########################
 DEBUG runtime  - -dport: <40055>
 DEBUG runtime  - -np: <2>
 DEBUG runtime  - $MPJ_HOME: </Users/senior/Desktop/Dilmun/MPJDilmun/mpj/>
 DEBUG runtime  - -dir: <null>
 DEBUG runtime  - -dev: <multicore>
 DEBUG runtime  - -psl: <131072>
 DEBUG runtime  - jvmArgs.length: <0>
 DEBUG runtime  - className : <HelloWorld>
 DEBUG runtime  - applicationClassPathEntry: </Users/senior/Desktop/Dilmun/MPJDilmun/mpj/mpj-user>
 DEBUG runtime  - -yarn: <false>
 DEBUG runtime  - $HADOOP_HOME: <null>
 DEBUG runtime  - -amMem: <null>
 DEBUG runtime  - -amCores: <null>
 DEBUG runtime  - -containerMem: <null>
 DEBUG runtime  - -yarnQueue: <null>
 DEBUG runtime  - -appName: <null>
 DEBUG runtime  - -amPriority: <null>
 DEBUG runtime  - -mpjContainerPriority: <null>
 DEBUG runtime  - -hdfsFolder: <null>
 DEBUG runtime  - appArgs.length: <0>
 DEBUG runtime  - ###########################
 DEBUG runtime  - className HelloWorld
 DEBUG runtime  - mpjHomeDir /Users/senior/Desktop/Dilmun/MPJDilmun/mpj/
 DEBUG runtime  - McDaemon is waiting to accept connections ... 
 DEBUG runtime  - wdir /Users/senior/Desktop/Dilmun/MPJDilmun/mpj/mpj-user
 DEBUG runtime  - A client has connected
 DEBUG runtime  - the daemon will start <2> threads
 DEBUG runtime  - cp = /Users/senior/Desktop/Dilmun/MPJDilmun/mpj//lib/smpdev.jar:/Users/senior/Desktop/Dilmun/MPJDilmun/mpj//lib/xdev.jar:/Users/senior/Desktop/Dilmun/MPJDilmun/mpj//lib/mpjbuf.jar:/Users/senior/Desktop/Dilmun/MPJDilmun/mpj//lib/loader2.jar:/Users/senior/Desktop/Dilmun/MPJDilmun/mpj//lib/starter.jar:/Users/senior/Desktop/Dilmun/MPJDilmun/mpj//lib/mpiExp.jar
 DEBUG runtime  - modified: jArgs[0]=-cp
 DEBUG runtime  - modified: jArgs[1]=/Users/senior/Desktop/Dilmun/MPJDilmun/mpj//lib/smpdev.jar:/Users/senior/Desktop/Dilmun/MPJDilmun/mpj//lib/xdev.jar:/Users/senior/Desktop/Dilmun/MPJDilmun/mpj//lib/mpjbuf.jar:/Users/senior/Desktop/Dilmun/MPJDilmun/mpj//lib/loader2.jar:/Users/senior/Desktop/Dilmun/MPJDilmun/mpj//lib/starter.jar:/Users/senior/Desktop/Dilmun/MPJDilmun/mpj//lib/mpiExp.jar
 DEBUG runtime  - 0: java
 DEBUG runtime  - 1: -cp
 DEBUG runtime  - 2: /Users/senior/Desktop/Dilmun/MPJDilmun/mpj//lib/smpdev.jar:/Users/senior/Desktop/Dilmun/MPJDilmun/mpj//lib/xdev.jar:/Users/senior/Desktop/Dilmun/MPJDilmun/mpj//lib/mpjbuf.jar:/Users/senior/Desktop/Dilmun/MPJDilmun/mpj//lib/loader2.jar:/Users/senior/Desktop/Dilmun/MPJDilmun/mpj//lib/starter.jar:/Users/senior/Desktop/Dilmun/MPJDilmun/mpj//lib/mpiExp.jar
 DEBUG runtime  - 3: runtime.starter.MulticoreStarter
 DEBUG runtime  - 4: /Users/senior/Desktop/Dilmun/MPJDilmun/mpj/mpj-user
 DEBUG runtime  - 5: 2
 DEBUG runtime  - 6: smpdev
 DEBUG runtime  - 7: useLocalLoader
 DEBUG runtime  - 8: EMPTY
 DEBUG runtime  - 9: HelloWorld
 DEBUG runtime  - creating process-builder object 
 DEBUG runtime  - wdir =/Users/senior/Desktop/Dilmun/MPJDilmun/mpj/mpj-user
 DEBUG runtime  - starting the MultithreadStarter.
 DEBUG runtime  - started the MultithreadStarter.
 DEBUG runtime  - Stopping the output
 DEBUG runtime  - outputting ...
 DEBUG runtime  -  --MPJRun.java invoked--
 DEBUG runtime  - [MPJRun.java]: processInput called ...
 DEBUG runtime  - ###########################
 DEBUG runtime  - -dport: <40055>
 DEBUG runtime  - -np: <2>
 DEBUG runtime  - $MPJ_HOME: </Users/senior/Desktop/Dilmun/MPJDilmun/mpj/>
 DEBUG runtime  - -dir: <null>
=======
>>>>>>> c891d7437c338df2032ff7a68dd03588dc806127
 DEBUG runtime  - -dev: <niodev>
 DEBUG runtime  - -psl: <131072>
 DEBUG runtime  - jvmArgs.length: <0>
 DEBUG runtime  - className : <HelloWorld>
 DEBUG runtime  - applicationClassPathEntry: </Users/senior/Desktop/Dilmun/MPJDilmun/mpj/mpj-user>
 DEBUG runtime  - -yarn: <false>
 DEBUG runtime  - $HADOOP_HOME: <null>
 DEBUG runtime  - -amMem: <null>
 DEBUG runtime  - -amCores: <null>
 DEBUG runtime  - -containerMem: <null>
 DEBUG runtime  - -yarnQueue: <null>
 DEBUG runtime  - -appName: <null>
 DEBUG runtime  - -amPriority: <null>
 DEBUG runtime  - -mpjContainerPriority: <null>
 DEBUG runtime  - -hdfsFolder: <null>
 DEBUG runtime  - appArgs.length: <0>
 DEBUG runtime  - ###########################
<<<<<<< HEAD
=======
<<<<<<< HEAD
 DEBUG runtime  - Processes Requested 2 are greater than than machines 1
 DEBUG runtime  - divisor 2
 DEBUG runtime  - remainder 0
 DEBUG runtime  - procPerMachineTable==>{192.168.8.104=2}
 DEBUG runtime  - conf file contents #temp line;#Number of Processes;2;#Protocol Switch Limit;131072;#Entry, HOST_NAME/IP@READPORT@WRITEPORT@RANK@DEBUGPORT;192.168.8.104@0@0@0@0;192.168.8.104@0@0@1@2
 DEBUG runtime  - Connecting to Reemis-MacBook-Pro.local@40055
 DEBUG runtime  - procsPerMachineTable {192.168.8.104=2}
 INFO  runtime  - Machine Name: Reemis-MacBook-Pro.local Starting Rank: 0 Process Count: 2
 DEBUG runtime  - Sending to Socket[addr=Reemis-MacBook-Pro.local/192.168.8.104,port=40055,localport=60239]
 DEBUG runtime  - procsPerMachineTable {192.168.8.104=2}
 DEBUG runtime  - [MPJRun.java]:Creating server..
 DEBUG runtime  - [MPJRun.java]:Waiting for <2> to connect
 DEBUG runtime  - Socket 192.168.8.104 connected to share Rank and Ports
 DEBUG runtime  - Socket 192.168.8.104 connected to share Rank and Ports
 DEBUG runtime  - Sending info to Socket 192.168.8.104
Info: #Peer Information;192.168.8.104@37898@29200@0@0;192.168.8.104@32003@29826@1@0
 DEBUG runtime  - Sending info to Socket 192.168.8.104
Info: #Peer Information;192.168.8.104@37898@29200@0@0;192.168.8.104@32003@29826@1@0
=======
 DEBUG runtime  - Processes Requested 2 are less than than machines 2
 DEBUG runtime  - Adding 1 processes to the first 2 items
 DEBUG runtime  - procPerMachineTable==>{192.168.8.101=1}
 DEBUG runtime  - procPerMachineTable==>{192.168.8.101=1, 192.168.8.100=1}
 DEBUG runtime  - conf file contents #temp line;#Number of Processes;2;#Protocol Switch Limit;131072;#Entry, HOST_NAME/IP@READPORT@WRITEPORT@RANK@DEBUGPORT;192.168.8.101@0@0@0@0;192.168.8.100@0@0@1@0
 DEBUG runtime  - Connecting to mais-MacBook-Pro.local@40055
 DEBUG runtime  - Connecting to Rawans-MacBook-Air.local@40055
 DEBUG runtime  - procsPerMachineTable {192.168.8.101=1, 192.168.8.100=1}
 INFO  runtime  - Machine Name: mais-MacBook-Pro.local Starting Rank: 0 Process Count: 1
 DEBUG runtime  - Sending to Socket[addr=mais-MacBook-Pro.local/192.168.8.101,port=40055,localport=54532]
 DEBUG runtime  - procsPerMachineTable {192.168.8.101=1, 192.168.8.100=1}
 INFO  runtime  - Machine Name: Rawans-MacBook-Air.local Starting Rank: 1 Process Count: 1
 DEBUG runtime  - Sending to Socket[addr=Rawans-MacBook-Air.local/192.168.8.100,port=40055,localport=54533]
 DEBUG runtime  - procsPerMachineTable {192.168.8.101=1, 192.168.8.100=1}
 DEBUG runtime  - [MPJRun.java]:Creating server..
 DEBUG runtime  - [MPJRun.java]:Waiting for <2> to connect
>>>>>>> d38b3ed6990fefe515cfce61bd6caf838d645eaf
>>>>>>> c891d7437c338df2032ff7a68dd03588dc806127
