 DEBUG mpjdaemon  - Accepting connection ..
 DEBUG mpjdaemon  - Job Started
 DEBUG mpjdaemon  - Ticket length 1030
 DEBUG mpjdaemon  - <MPJProcessInfo>
<TicketID>2bc3ed60-7f0f-47a0-ba46-4cdb58470d6a</TicketID>
<ClassPath>/Users/senior/Desktop/Dilmun/MPJDilmun/mpj/mpj-user</ClassPath>
<MasterNode>Reemis-MacBook-Pro.local</MasterNode>
<MasterPort>40002</MasterPort>
<ProcessCount>1</ProcessCount>
<StartingRank>1</StartingRank>
<JvmArgs/>
<WorkingDirectory>/Users/senior/Desktop/Dilmun/MPJDilmun/mpj/mpj-user</WorkingDirectory>
<ZippedSource>false</ZippedSource>
<MainClass>HelloWorld2</MainClass>
<DeviceName>niodev</DeviceName>
<ConfFileContents>#temp line;#Number of Processes;2;#Protocol Switch Limit;131072;#Entry, HOST_NAME/IP@READPORT@WRITEPORT@RANK@DEBUGPORT;192.168.8.104@0@0@0@0;192.168.8.105@0@0@1@0</ConfFileContents>
<AppArgs/>
<UserID>senior</UserID>
<NetworkProcessCount>-1</NetworkProcessCount>
<TotalProcessCount>-1</TotalProcessCount>
<NetworkDevice>niodev</NetworkDevice>
<MPJ_HOME>/Users/senior/Desktop/Dilmun/MPJDilmun/mpj/</MPJ_HOME>
<Debug>false</Debug>
<DebugPort>24500</DebugPort>
<Profiler>false</Profiler>
</MPJProcessInfo>

 DEBUG mpjdaemon  - configFilePath
 DEBUG mpjdaemon  - Config file created :
 DEBUG mpjdaemon  - modified: jArgs[0]=-cp
 DEBUG mpjdaemon  - modified: jArgs[1]=.:/Users/senior/Desktop/Dilmun/MPJDilmun/mpj//lib/loader1.jar:/Users/senior/Desktop/Dilmun/MPJDilmun/mpj//lib/mpj.jar:/Users/senior/Desktop/Dilmun/MPJDilmun/mpj//lib/log4j-1.2.11.jar:/Users/senior/Desktop/Dilmun/MPJDilmun/mpj//lib/wrapper.jar:/Users/senior/Desktop/Dilmun/MPJDilmun/mpj/mpj-user:/Users/senior/Desktop/Dilmun/MPJDilmun/mpj/mpj-user
 DEBUG mpjdaemon  - arguments[0] = java
 DEBUG mpjdaemon  - arguments[1] = -cp
 DEBUG mpjdaemon  - arguments[2] = .:/Users/senior/Desktop/Dilmun/MPJDilmun/mpj//lib/loader1.jar:/Users/senior/Desktop/Dilmun/MPJDilmun/mpj//lib/mpj.jar:/Users/senior/Desktop/Dilmun/MPJDilmun/mpj//lib/log4j-1.2.11.jar:/Users/senior/Desktop/Dilmun/MPJDilmun/mpj//lib/wrapper.jar:/Users/senior/Desktop/Dilmun/MPJDilmun/mpj/mpj-user:/Users/senior/Desktop/Dilmun/MPJDilmun/mpj/mpj-user
 DEBUG mpjdaemon  - arguments[3] = runtime.daemon.Wrapper
 DEBUG mpjdaemon  - arguments[4] = #temp|line;#Number|of|Processes;2;#Protocol|Switch|Limit;131072;#Entry,|HOST_NAME/IP@READPORT@WRITEPORT@RANK@DEBUGPORT;192.168.8.104@0@0@0@0;192.168.8.105@0@0@1@0
 DEBUG mpjdaemon  - arguments[5] = 1
 DEBUG mpjdaemon  - arguments[6] = niodev
 DEBUG mpjdaemon  - arguments[7] = Reemis-MacBook-Pro.local
 DEBUG mpjdaemon  - arguments[8] = 40002
 DEBUG mpjdaemon  - arguments[9] = 1
 DEBUG mpjdaemon  - arguments[10] = HelloWorld2
 DEBUG mpjdaemon  - starting the process 
 DEBUG mpjdaemon  - started the process 
 DEBUG mpjdaemon  - outputting ...
 DEBUG mpjdaemon  - Error 0.. 
 DEBUG mpjdaemon  - Stopping the output
 DEBUG mpjdaemon  - 

 ** .. execution ends .. ** 


 DEBUG mpjdaemon  - Accepting connection ..
 DEBUG mpjdaemon  - Job Started
 DEBUG mpjdaemon  - Ticket length 1030
 DEBUG mpjdaemon  - <MPJProcessInfo>
<TicketID>0dd55af0-e9c2-45fd-96aa-04dd612fb1a1</TicketID>
<ClassPath>/Users/senior/Desktop/Dilmun/MPJDilmun/mpj/mpj-user</ClassPath>
<MasterNode>Reemis-MacBook-Pro.local</MasterNode>
<MasterPort>40002</MasterPort>
<ProcessCount>1</ProcessCount>
<StartingRank>1</StartingRank>
<JvmArgs/>
<WorkingDirectory>/Users/senior/Desktop/Dilmun/MPJDilmun/mpj/mpj-user</WorkingDirectory>
<ZippedSource>false</ZippedSource>
<MainClass>HelloWorld2</MainClass>
<DeviceName>niodev</DeviceName>
<ConfFileContents>#temp line;#Number of Processes;2;#Protocol Switch Limit;131072;#Entry, HOST_NAME/IP@READPORT@WRITEPORT@RANK@DEBUGPORT;192.168.8.104@0@0@0@0;192.168.8.105@0@0@1@0</ConfFileContents>
<AppArgs/>
<UserID>senior</UserID>
<NetworkProcessCount>-1</NetworkProcessCount>
<TotalProcessCount>-1</TotalProcessCount>
<NetworkDevice>niodev</NetworkDevice>
<MPJ_HOME>/Users/senior/Desktop/Dilmun/MPJDilmun/mpj/</MPJ_HOME>
<Debug>false</Debug>
<DebugPort>24500</DebugPort>
<Profiler>false</Profiler>
</MPJProcessInfo>

 DEBUG mpjdaemon  - configFilePath
 DEBUG mpjdaemon  - Config file created :
 DEBUG mpjdaemon  - modified: jArgs[0]=-cp
 DEBUG mpjdaemon  - modified: jArgs[1]=.:/Users/senior/Desktop/Dilmun/MPJDilmun/mpj//lib/loader1.jar:/Users/senior/Desktop/Dilmun/MPJDilmun/mpj//lib/mpj.jar:/Users/senior/Desktop/Dilmun/MPJDilmun/mpj//lib/log4j-1.2.11.jar:/Users/senior/Desktop/Dilmun/MPJDilmun/mpj//lib/wrapper.jar:/Users/senior/Desktop/Dilmun/MPJDilmun/mpj/mpj-user:/Users/senior/Desktop/Dilmun/MPJDilmun/mpj/mpj-user
 DEBUG mpjdaemon  - arguments[0] = java
 DEBUG mpjdaemon  - arguments[1] = -cp
 DEBUG mpjdaemon  - arguments[2] = .:/Users/senior/Desktop/Dilmun/MPJDilmun/mpj//lib/loader1.jar:/Users/senior/Desktop/Dilmun/MPJDilmun/mpj//lib/mpj.jar:/Users/senior/Desktop/Dilmun/MPJDilmun/mpj//lib/log4j-1.2.11.jar:/Users/senior/Desktop/Dilmun/MPJDilmun/mpj//lib/wrapper.jar:/Users/senior/Desktop/Dilmun/MPJDilmun/mpj/mpj-user:/Users/senior/Desktop/Dilmun/MPJDilmun/mpj/mpj-user
 DEBUG mpjdaemon  - arguments[3] = runtime.daemon.Wrapper
 DEBUG mpjdaemon  - arguments[4] = #temp|line;#Number|of|Processes;2;#Protocol|Switch|Limit;131072;#Entry,|HOST_NAME/IP@READPORT@WRITEPORT@RANK@DEBUGPORT;192.168.8.104@0@0@0@0;192.168.8.105@0@0@1@0
 DEBUG mpjdaemon  - arguments[5] = 1
 DEBUG mpjdaemon  - arguments[6] = niodev
 DEBUG mpjdaemon  - arguments[7] = Reemis-MacBook-Pro.local
 DEBUG mpjdaemon  - arguments[8] = 40002
 DEBUG mpjdaemon  - arguments[9] = 1
 DEBUG mpjdaemon  - arguments[10] = HelloWorld2
 DEBUG mpjdaemon  - starting the process 
 DEBUG mpjdaemon  - started the process 
 DEBUG mpjdaemon  - outputting ...
 DEBUG mpjdaemon  - Stopping the output
 DEBUG mpjdaemon  - Job Finished
 DEBUG mpjdaemon  - 

 ** .. execution ends .. ** 


 DEBUG mpjdaemon  - Accepting connection ..
 DEBUG mpjdaemon  - Job Started
 DEBUG mpjdaemon  - Ticket length 1029
 DEBUG mpjdaemon  - <MPJProcessInfo>
<TicketID>79ec4ae2-b5ae-484c-902e-7481051c0d5f</TicketID>
<ClassPath>/Users/senior/Desktop/Dilmun/MPJDilmun/mpj/mpj-user</ClassPath>
<MasterNode>Reemis-MacBook-Pro.local</MasterNode>
<MasterPort>40002</MasterPort>
<ProcessCount>1</ProcessCount>
<StartingRank>1</StartingRank>
<JvmArgs/>
<WorkingDirectory>/Users/senior/Desktop/Dilmun/MPJDilmun/mpj/mpj-user</WorkingDirectory>
<ZippedSource>false</ZippedSource>
<MainClass>HelloWorld</MainClass>
<DeviceName>niodev</DeviceName>
<ConfFileContents>#temp line;#Number of Processes;2;#Protocol Switch Limit;131072;#Entry, HOST_NAME/IP@READPORT@WRITEPORT@RANK@DEBUGPORT;192.168.8.104@0@0@0@0;192.168.8.105@0@0@1@0</ConfFileContents>
<AppArgs/>
<UserID>senior</UserID>
<NetworkProcessCount>-1</NetworkProcessCount>
<TotalProcessCount>-1</TotalProcessCount>
<NetworkDevice>niodev</NetworkDevice>
<MPJ_HOME>/Users/senior/Desktop/Dilmun/MPJDilmun/mpj/</MPJ_HOME>
<Debug>false</Debug>
<DebugPort>24500</DebugPort>
<Profiler>false</Profiler>
</MPJProcessInfo>

 DEBUG mpjdaemon  - configFilePath
 DEBUG mpjdaemon  - Config file created :
 DEBUG mpjdaemon  - modified: jArgs[0]=-cp
 DEBUG mpjdaemon  - modified: jArgs[1]=.:/Users/senior/Desktop/Dilmun/MPJDilmun/mpj//lib/loader1.jar:/Users/senior/Desktop/Dilmun/MPJDilmun/mpj//lib/mpj.jar:/Users/senior/Desktop/Dilmun/MPJDilmun/mpj//lib/log4j-1.2.11.jar:/Users/senior/Desktop/Dilmun/MPJDilmun/mpj//lib/wrapper.jar:/Users/senior/Desktop/Dilmun/MPJDilmun/mpj/mpj-user:/Users/senior/Desktop/Dilmun/MPJDilmun/mpj/mpj-user
 DEBUG mpjdaemon  - arguments[0] = java
 DEBUG mpjdaemon  - arguments[1] = -cp
 DEBUG mpjdaemon  - arguments[2] = .:/Users/senior/Desktop/Dilmun/MPJDilmun/mpj//lib/loader1.jar:/Users/senior/Desktop/Dilmun/MPJDilmun/mpj//lib/mpj.jar:/Users/senior/Desktop/Dilmun/MPJDilmun/mpj//lib/log4j-1.2.11.jar:/Users/senior/Desktop/Dilmun/MPJDilmun/mpj//lib/wrapper.jar:/Users/senior/Desktop/Dilmun/MPJDilmun/mpj/mpj-user:/Users/senior/Desktop/Dilmun/MPJDilmun/mpj/mpj-user
 DEBUG mpjdaemon  - arguments[3] = runtime.daemon.Wrapper
 DEBUG mpjdaemon  - arguments[4] = #temp|line;#Number|of|Processes;2;#Protocol|Switch|Limit;131072;#Entry,|HOST_NAME/IP@READPORT@WRITEPORT@RANK@DEBUGPORT;192.168.8.104@0@0@0@0;192.168.8.105@0@0@1@0
 DEBUG mpjdaemon  - arguments[5] = 1
 DEBUG mpjdaemon  - arguments[6] = niodev
 DEBUG mpjdaemon  - arguments[7] = Reemis-MacBook-Pro.local
 DEBUG mpjdaemon  - arguments[8] = 40002
 DEBUG mpjdaemon  - arguments[9] = 1
 DEBUG mpjdaemon  - arguments[10] = HelloWorld
 DEBUG mpjdaemon  - starting the process 
 DEBUG mpjdaemon  - started the process 
 DEBUG mpjdaemon  - outputting ...
 DEBUG mpjdaemon  - Stopping the output
 DEBUG mpjdaemon  - Job Finished
 DEBUG mpjdaemon  - 

 ** .. execution ends .. ** 


 DEBUG mpjdaemon  - Accepting connection ..
 DEBUG mpjdaemon  - Job Started
 DEBUG mpjdaemon  - Ticket length 1029
 DEBUG mpjdaemon  - <MPJProcessInfo>
<TicketID>6ce8d38c-9c75-4d80-91e8-0e53fa3390de</TicketID>
<ClassPath>/Users/senior/Desktop/Dilmun/MPJDilmun/mpj/mpj-user</ClassPath>
<MasterNode>Reemis-MacBook-Pro.local</MasterNode>
<MasterPort>40002</MasterPort>
<ProcessCount>1</ProcessCount>
<StartingRank>1</StartingRank>
<JvmArgs/>
<WorkingDirectory>/Users/senior/Desktop/Dilmun/MPJDilmun/mpj/mpj-user</WorkingDirectory>
<ZippedSource>false</ZippedSource>
<MainClass>HelloWorld</MainClass>
<DeviceName>niodev</DeviceName>
<ConfFileContents>#temp line;#Number of Processes;2;#Protocol Switch Limit;131072;#Entry, HOST_NAME/IP@READPORT@WRITEPORT@RANK@DEBUGPORT;192.168.8.104@0@0@0@0;192.168.8.105@0@0@1@0</ConfFileContents>
<AppArgs/>
<UserID>senior</UserID>
<NetworkProcessCount>-1</NetworkProcessCount>
<TotalProcessCount>-1</TotalProcessCount>
<NetworkDevice>niodev</NetworkDevice>
<MPJ_HOME>/Users/senior/Desktop/Dilmun/MPJDilmun/mpj/</MPJ_HOME>
<Debug>false</Debug>
<DebugPort>24500</DebugPort>
<Profiler>false</Profiler>
</MPJProcessInfo>

 DEBUG mpjdaemon  - configFilePath
 DEBUG mpjdaemon  - Config file created :
 DEBUG mpjdaemon  - modified: jArgs[0]=-cp
 DEBUG mpjdaemon  - modified: jArgs[1]=.:/Users/senior/Desktop/Dilmun/MPJDilmun/mpj//lib/loader1.jar:/Users/senior/Desktop/Dilmun/MPJDilmun/mpj//lib/mpj.jar:/Users/senior/Desktop/Dilmun/MPJDilmun/mpj//lib/log4j-1.2.11.jar:/Users/senior/Desktop/Dilmun/MPJDilmun/mpj//lib/wrapper.jar:/Users/senior/Desktop/Dilmun/MPJDilmun/mpj/mpj-user:/Users/senior/Desktop/Dilmun/MPJDilmun/mpj/mpj-user
 DEBUG mpjdaemon  - arguments[0] = java
 DEBUG mpjdaemon  - arguments[1] = -cp
 DEBUG mpjdaemon  - arguments[2] = .:/Users/senior/Desktop/Dilmun/MPJDilmun/mpj//lib/loader1.jar:/Users/senior/Desktop/Dilmun/MPJDilmun/mpj//lib/mpj.jar:/Users/senior/Desktop/Dilmun/MPJDilmun/mpj//lib/log4j-1.2.11.jar:/Users/senior/Desktop/Dilmun/MPJDilmun/mpj//lib/wrapper.jar:/Users/senior/Desktop/Dilmun/MPJDilmun/mpj/mpj-user:/Users/senior/Desktop/Dilmun/MPJDilmun/mpj/mpj-user
 DEBUG mpjdaemon  - arguments[3] = runtime.daemon.Wrapper
 DEBUG mpjdaemon  - arguments[4] = #temp|line;#Number|of|Processes;2;#Protocol|Switch|Limit;131072;#Entry,|HOST_NAME/IP@READPORT@WRITEPORT@RANK@DEBUGPORT;192.168.8.104@0@0@0@0;192.168.8.105@0@0@1@0
 DEBUG mpjdaemon  - arguments[5] = 1
 DEBUG mpjdaemon  - arguments[6] = niodev
 DEBUG mpjdaemon  - arguments[7] = Reemis-MacBook-Pro.local
 DEBUG mpjdaemon  - arguments[8] = 40002
 DEBUG mpjdaemon  - arguments[9] = 1
 DEBUG mpjdaemon  - arguments[10] = HelloWorld
 DEBUG mpjdaemon  - starting the process 
 DEBUG mpjdaemon  - started the process 
 DEBUG mpjdaemon  - outputting ...
 DEBUG mpjdaemon  - Stopping the output
 DEBUG mpjdaemon  - Job Finished
 DEBUG mpjdaemon  - 

 ** .. execution ends .. ** 


 DEBUG mpjdaemon  - Accepting connection ..
 DEBUG mpjdaemon  - Job Started
 DEBUG mpjdaemon  - Ticket length 1029
 DEBUG mpjdaemon  - <MPJProcessInfo>
<TicketID>444f2254-b93f-4517-aa1e-d59fdd1848b0</TicketID>
<ClassPath>/Users/senior/Desktop/Dilmun/MPJDilmun/mpj/mpj-user</ClassPath>
<MasterNode>Reemis-MacBook-Pro.local</MasterNode>
<MasterPort>40002</MasterPort>
<ProcessCount>1</ProcessCount>
<StartingRank>1</StartingRank>
<JvmArgs/>
<WorkingDirectory>/Users/senior/Desktop/Dilmun/MPJDilmun/mpj/mpj-user</WorkingDirectory>
<ZippedSource>false</ZippedSource>
<MainClass>HelloWorld</MainClass>
<DeviceName>niodev</DeviceName>
<ConfFileContents>#temp line;#Number of Processes;2;#Protocol Switch Limit;131072;#Entry, HOST_NAME/IP@READPORT@WRITEPORT@RANK@DEBUGPORT;192.168.8.104@0@0@0@0;192.168.8.105@0@0@1@0</ConfFileContents>
<AppArgs/>
<UserID>senior</UserID>
<NetworkProcessCount>-1</NetworkProcessCount>
<TotalProcessCount>-1</TotalProcessCount>
<NetworkDevice>niodev</NetworkDevice>
<MPJ_HOME>/Users/senior/Desktop/Dilmun/MPJDilmun/mpj/</MPJ_HOME>
<Debug>false</Debug>
<DebugPort>24500</DebugPort>
<Profiler>false</Profiler>
</MPJProcessInfo>

 DEBUG mpjdaemon  - configFilePath
 DEBUG mpjdaemon  - Config file created :
 DEBUG mpjdaemon  - modified: jArgs[0]=-cp
 DEBUG mpjdaemon  - modified: jArgs[1]=.:/Users/senior/Desktop/Dilmun/MPJDilmun/mpj//lib/loader1.jar:/Users/senior/Desktop/Dilmun/MPJDilmun/mpj//lib/mpj.jar:/Users/senior/Desktop/Dilmun/MPJDilmun/mpj//lib/log4j-1.2.11.jar:/Users/senior/Desktop/Dilmun/MPJDilmun/mpj//lib/wrapper.jar:/Users/senior/Desktop/Dilmun/MPJDilmun/mpj/mpj-user:/Users/senior/Desktop/Dilmun/MPJDilmun/mpj/mpj-user
 DEBUG mpjdaemon  - arguments[0] = java
 DEBUG mpjdaemon  - arguments[1] = -cp
 DEBUG mpjdaemon  - arguments[2] = .:/Users/senior/Desktop/Dilmun/MPJDilmun/mpj//lib/loader1.jar:/Users/senior/Desktop/Dilmun/MPJDilmun/mpj//lib/mpj.jar:/Users/senior/Desktop/Dilmun/MPJDilmun/mpj//lib/log4j-1.2.11.jar:/Users/senior/Desktop/Dilmun/MPJDilmun/mpj//lib/wrapper.jar:/Users/senior/Desktop/Dilmun/MPJDilmun/mpj/mpj-user:/Users/senior/Desktop/Dilmun/MPJDilmun/mpj/mpj-user
 DEBUG mpjdaemon  - arguments[3] = runtime.daemon.Wrapper
 DEBUG mpjdaemon  - arguments[4] = #temp|line;#Number|of|Processes;2;#Protocol|Switch|Limit;131072;#Entry,|HOST_NAME/IP@READPORT@WRITEPORT@RANK@DEBUGPORT;192.168.8.104@0@0@0@0;192.168.8.105@0@0@1@0
 DEBUG mpjdaemon  - arguments[5] = 1
 DEBUG mpjdaemon  - arguments[6] = niodev
 DEBUG mpjdaemon  - arguments[7] = Reemis-MacBook-Pro.local
 DEBUG mpjdaemon  - arguments[8] = 40002
 DEBUG mpjdaemon  - arguments[9] = 1
 DEBUG mpjdaemon  - arguments[10] = HelloWorld
 DEBUG mpjdaemon  - starting the process 
 DEBUG mpjdaemon  - started the process 
 DEBUG mpjdaemon  - outputting ...
 DEBUG mpjdaemon  - Stopping the output
 DEBUG mpjdaemon  - Job Finished
 DEBUG mpjdaemon  - 

 ** .. execution ends .. ** 


 DEBUG mpjdaemon  - Accepting connection ..
 DEBUG mpjdaemon  - Job Started
 DEBUG mpjdaemon  - Ticket length 1029
 DEBUG mpjdaemon  - <MPJProcessInfo>
<TicketID>20670cc5-4d97-419d-a6c1-d972b1e44bec</TicketID>
<ClassPath>/Users/senior/Desktop/Dilmun/MPJDilmun/mpj/mpj-user</ClassPath>
<MasterNode>Reemis-MacBook-Pro.local</MasterNode>
<MasterPort>40002</MasterPort>
<ProcessCount>1</ProcessCount>
<StartingRank>1</StartingRank>
<JvmArgs/>
<WorkingDirectory>/Users/senior/Desktop/Dilmun/MPJDilmun/mpj/mpj-user</WorkingDirectory>
<ZippedSource>false</ZippedSource>
<MainClass>HelloWorld</MainClass>
<DeviceName>niodev</DeviceName>
<ConfFileContents>#temp line;#Number of Processes;2;#Protocol Switch Limit;131072;#Entry, HOST_NAME/IP@READPORT@WRITEPORT@RANK@DEBUGPORT;192.168.8.104@0@0@0@0;192.168.8.105@0@0@1@0</ConfFileContents>
<AppArgs/>
<UserID>senior</UserID>
<NetworkProcessCount>-1</NetworkProcessCount>
<TotalProcessCount>-1</TotalProcessCount>
<NetworkDevice>niodev</NetworkDevice>
<MPJ_HOME>/Users/senior/Desktop/Dilmun/MPJDilmun/mpj/</MPJ_HOME>
<Debug>false</Debug>
<DebugPort>24500</DebugPort>
<Profiler>false</Profiler>
</MPJProcessInfo>

 DEBUG mpjdaemon  - configFilePath
 DEBUG mpjdaemon  - Config file created :
 DEBUG mpjdaemon  - modified: jArgs[0]=-cp
 DEBUG mpjdaemon  - modified: jArgs[1]=.:/Users/senior/Desktop/Dilmun/MPJDilmun/mpj//lib/loader1.jar:/Users/senior/Desktop/Dilmun/MPJDilmun/mpj//lib/mpj.jar:/Users/senior/Desktop/Dilmun/MPJDilmun/mpj//lib/log4j-1.2.11.jar:/Users/senior/Desktop/Dilmun/MPJDilmun/mpj//lib/wrapper.jar:/Users/senior/Desktop/Dilmun/MPJDilmun/mpj/mpj-user:/Users/senior/Desktop/Dilmun/MPJDilmun/mpj/mpj-user
 DEBUG mpjdaemon  - arguments[0] = java
 DEBUG mpjdaemon  - arguments[1] = -cp
 DEBUG mpjdaemon  - arguments[2] = .:/Users/senior/Desktop/Dilmun/MPJDilmun/mpj//lib/loader1.jar:/Users/senior/Desktop/Dilmun/MPJDilmun/mpj//lib/mpj.jar:/Users/senior/Desktop/Dilmun/MPJDilmun/mpj//lib/log4j-1.2.11.jar:/Users/senior/Desktop/Dilmun/MPJDilmun/mpj//lib/wrapper.jar:/Users/senior/Desktop/Dilmun/MPJDilmun/mpj/mpj-user:/Users/senior/Desktop/Dilmun/MPJDilmun/mpj/mpj-user
 DEBUG mpjdaemon  - arguments[3] = runtime.daemon.Wrapper
 DEBUG mpjdaemon  - arguments[4] = #temp|line;#Number|of|Processes;2;#Protocol|Switch|Limit;131072;#Entry,|HOST_NAME/IP@READPORT@WRITEPORT@RANK@DEBUGPORT;192.168.8.104@0@0@0@0;192.168.8.105@0@0@1@0
 DEBUG mpjdaemon  - arguments[5] = 1
 DEBUG mpjdaemon  - arguments[6] = niodev
 DEBUG mpjdaemon  - arguments[7] = Reemis-MacBook-Pro.local
 DEBUG mpjdaemon  - arguments[8] = 40002
 DEBUG mpjdaemon  - arguments[9] = 1
 DEBUG mpjdaemon  - arguments[10] = HelloWorld
 DEBUG mpjdaemon  - starting the process 
 DEBUG mpjdaemon  - started the process 
 DEBUG mpjdaemon  - outputting ...
 DEBUG mpjdaemon  - Stopping the output
 DEBUG mpjdaemon  - Job Finished
 DEBUG mpjdaemon  - 

 ** .. execution ends .. ** 


 DEBUG mpjdaemon  - Accepting connection ..
 DEBUG mpjdaemon  - Job Started
 DEBUG mpjdaemon  - Ticket length 1029
 DEBUG mpjdaemon  - <MPJProcessInfo>
<TicketID>80e2b6e7-06b4-47df-a1a8-61f8dfcb898a</TicketID>
<ClassPath>/Users/senior/Desktop/Dilmun/MPJDilmun/mpj/mpj-user</ClassPath>
<MasterNode>Reemis-MacBook-Pro.local</MasterNode>
<MasterPort>40002</MasterPort>
<ProcessCount>1</ProcessCount>
<StartingRank>1</StartingRank>
<JvmArgs/>
<WorkingDirectory>/Users/senior/Desktop/Dilmun/MPJDilmun/mpj/mpj-user</WorkingDirectory>
<ZippedSource>false</ZippedSource>
<MainClass>HelloWorld</MainClass>
<DeviceName>niodev</DeviceName>
<ConfFileContents>#temp line;#Number of Processes;2;#Protocol Switch Limit;131072;#Entry, HOST_NAME/IP@READPORT@WRITEPORT@RANK@DEBUGPORT;192.168.8.104@0@0@0@0;192.168.8.105@0@0@1@0</ConfFileContents>
<AppArgs/>
<UserID>senior</UserID>
<NetworkProcessCount>-1</NetworkProcessCount>
<TotalProcessCount>-1</TotalProcessCount>
<NetworkDevice>niodev</NetworkDevice>
<MPJ_HOME>/Users/senior/Desktop/Dilmun/MPJDilmun/mpj/</MPJ_HOME>
<Debug>false</Debug>
<DebugPort>24500</DebugPort>
<Profiler>false</Profiler>
</MPJProcessInfo>

 DEBUG mpjdaemon  - configFilePath
 DEBUG mpjdaemon  - Config file created :
 DEBUG mpjdaemon  - modified: jArgs[0]=-cp
 DEBUG mpjdaemon  - modified: jArgs[1]=.:/Users/senior/Desktop/Dilmun/MPJDilmun/mpj//lib/loader1.jar:/Users/senior/Desktop/Dilmun/MPJDilmun/mpj//lib/mpj.jar:/Users/senior/Desktop/Dilmun/MPJDilmun/mpj//lib/log4j-1.2.11.jar:/Users/senior/Desktop/Dilmun/MPJDilmun/mpj//lib/wrapper.jar:/Users/senior/Desktop/Dilmun/MPJDilmun/mpj/mpj-user:/Users/senior/Desktop/Dilmun/MPJDilmun/mpj/mpj-user
 DEBUG mpjdaemon  - arguments[0] = java
 DEBUG mpjdaemon  - arguments[1] = -cp
 DEBUG mpjdaemon  - arguments[2] = .:/Users/senior/Desktop/Dilmun/MPJDilmun/mpj//lib/loader1.jar:/Users/senior/Desktop/Dilmun/MPJDilmun/mpj//lib/mpj.jar:/Users/senior/Desktop/Dilmun/MPJDilmun/mpj//lib/log4j-1.2.11.jar:/Users/senior/Desktop/Dilmun/MPJDilmun/mpj//lib/wrapper.jar:/Users/senior/Desktop/Dilmun/MPJDilmun/mpj/mpj-user:/Users/senior/Desktop/Dilmun/MPJDilmun/mpj/mpj-user
 DEBUG mpjdaemon  - arguments[3] = runtime.daemon.Wrapper
 DEBUG mpjdaemon  - arguments[4] = #temp|line;#Number|of|Processes;2;#Protocol|Switch|Limit;131072;#Entry,|HOST_NAME/IP@READPORT@WRITEPORT@RANK@DEBUGPORT;192.168.8.104@0@0@0@0;192.168.8.105@0@0@1@0
 DEBUG mpjdaemon  - arguments[5] = 1
 DEBUG mpjdaemon  - arguments[6] = niodev
 DEBUG mpjdaemon  - arguments[7] = Reemis-MacBook-Pro.local
 DEBUG mpjdaemon  - arguments[8] = 40002
 DEBUG mpjdaemon  - arguments[9] = 1
 DEBUG mpjdaemon  - arguments[10] = HelloWorld
 DEBUG mpjdaemon  - starting the process 
 DEBUG mpjdaemon  - started the process 
 DEBUG mpjdaemon  - outputting ...
 DEBUG mpjdaemon  - Stopping the output
 DEBUG mpjdaemon  - Job Finished
 DEBUG mpjdaemon  - 

 ** .. execution ends .. ** 


 DEBUG mpjdaemon  - Accepting connection ..
 DEBUG mpjdaemon  - Job Started
 DEBUG mpjdaemon  - Ticket length 1029
 DEBUG mpjdaemon  - <MPJProcessInfo>
<TicketID>02f2227e-475b-4c54-9732-6be51885fc3f</TicketID>
<ClassPath>/Users/senior/Desktop/Dilmun/MPJDilmun/mpj/mpj-user</ClassPath>
<MasterNode>Reemis-MacBook-Pro.local</MasterNode>
<MasterPort>40002</MasterPort>
<ProcessCount>1</ProcessCount>
<StartingRank>1</StartingRank>
<JvmArgs/>
<WorkingDirectory>/Users/senior/Desktop/Dilmun/MPJDilmun/mpj/mpj-user</WorkingDirectory>
<ZippedSource>false</ZippedSource>
<MainClass>HelloWorld</MainClass>
<DeviceName>niodev</DeviceName>
<ConfFileContents>#temp line;#Number of Processes;2;#Protocol Switch Limit;131072;#Entry, HOST_NAME/IP@READPORT@WRITEPORT@RANK@DEBUGPORT;192.168.8.104@0@0@0@0;192.168.8.105@0@0@1@0</ConfFileContents>
<AppArgs/>
<UserID>senior</UserID>
<NetworkProcessCount>-1</NetworkProcessCount>
<TotalProcessCount>-1</TotalProcessCount>
<NetworkDevice>niodev</NetworkDevice>
<MPJ_HOME>/Users/senior/Desktop/Dilmun/MPJDilmun/mpj/</MPJ_HOME>
<Debug>false</Debug>
<DebugPort>24500</DebugPort>
<Profiler>false</Profiler>
</MPJProcessInfo>

 DEBUG mpjdaemon  - configFilePath
 DEBUG mpjdaemon  - Config file created :
 DEBUG mpjdaemon  - modified: jArgs[0]=-cp
 DEBUG mpjdaemon  - modified: jArgs[1]=.:/Users/senior/Desktop/Dilmun/MPJDilmun/mpj//lib/loader1.jar:/Users/senior/Desktop/Dilmun/MPJDilmun/mpj//lib/mpj.jar:/Users/senior/Desktop/Dilmun/MPJDilmun/mpj//lib/log4j-1.2.11.jar:/Users/senior/Desktop/Dilmun/MPJDilmun/mpj//lib/wrapper.jar:/Users/senior/Desktop/Dilmun/MPJDilmun/mpj/mpj-user:/Users/senior/Desktop/Dilmun/MPJDilmun/mpj/mpj-user
 DEBUG mpjdaemon  - arguments[0] = java
 DEBUG mpjdaemon  - arguments[1] = -cp
 DEBUG mpjdaemon  - arguments[2] = .:/Users/senior/Desktop/Dilmun/MPJDilmun/mpj//lib/loader1.jar:/Users/senior/Desktop/Dilmun/MPJDilmun/mpj//lib/mpj.jar:/Users/senior/Desktop/Dilmun/MPJDilmun/mpj//lib/log4j-1.2.11.jar:/Users/senior/Desktop/Dilmun/MPJDilmun/mpj//lib/wrapper.jar:/Users/senior/Desktop/Dilmun/MPJDilmun/mpj/mpj-user:/Users/senior/Desktop/Dilmun/MPJDilmun/mpj/mpj-user
 DEBUG mpjdaemon  - arguments[3] = runtime.daemon.Wrapper
 DEBUG mpjdaemon  - arguments[4] = #temp|line;#Number|of|Processes;2;#Protocol|Switch|Limit;131072;#Entry,|HOST_NAME/IP@READPORT@WRITEPORT@RANK@DEBUGPORT;192.168.8.104@0@0@0@0;192.168.8.105@0@0@1@0
 DEBUG mpjdaemon  - arguments[5] = 1
 DEBUG mpjdaemon  - arguments[6] = niodev
 DEBUG mpjdaemon  - arguments[7] = Reemis-MacBook-Pro.local
 DEBUG mpjdaemon  - arguments[8] = 40002
 DEBUG mpjdaemon  - arguments[9] = 1
 DEBUG mpjdaemon  - arguments[10] = HelloWorld
 DEBUG mpjdaemon  - starting the process 
 DEBUG mpjdaemon  - started the process 
 DEBUG mpjdaemon  - outputting ...
 DEBUG mpjdaemon  - Stopping the output
 DEBUG mpjdaemon  - Job Finished
 DEBUG mpjdaemon  - 

 ** .. execution ends .. ** 


 DEBUG mpjdaemon  - Accepting connection ..
 DEBUG mpjdaemon  - Job Started
 DEBUG mpjdaemon  - Ticket length 1029
 DEBUG mpjdaemon  - <MPJProcessInfo>
<TicketID>aa0c0eb7-84ba-4809-9b49-383e1978e8d3</TicketID>
<ClassPath>/Users/senior/Desktop/Dilmun/MPJDilmun/mpj/mpj-user</ClassPath>
<MasterNode>Reemis-MacBook-Pro.local</MasterNode>
<MasterPort>40002</MasterPort>
<ProcessCount>1</ProcessCount>
<StartingRank>1</StartingRank>
<JvmArgs/>
<WorkingDirectory>/Users/senior/Desktop/Dilmun/MPJDilmun/mpj/mpj-user</WorkingDirectory>
<ZippedSource>false</ZippedSource>
<MainClass>HelloWorld</MainClass>
<DeviceName>niodev</DeviceName>
<ConfFileContents>#temp line;#Number of Processes;2;#Protocol Switch Limit;131072;#Entry, HOST_NAME/IP@READPORT@WRITEPORT@RANK@DEBUGPORT;192.168.8.104@0@0@0@0;192.168.8.105@0@0@1@0</ConfFileContents>
<AppArgs/>
<UserID>senior</UserID>
<NetworkProcessCount>-1</NetworkProcessCount>
<TotalProcessCount>-1</TotalProcessCount>
<NetworkDevice>niodev</NetworkDevice>
<MPJ_HOME>/Users/senior/Desktop/Dilmun/MPJDilmun/mpj/</MPJ_HOME>
<Debug>false</Debug>
<DebugPort>24500</DebugPort>
<Profiler>false</Profiler>
</MPJProcessInfo>

 DEBUG mpjdaemon  - configFilePath
 DEBUG mpjdaemon  - Config file created :
 DEBUG mpjdaemon  - modified: jArgs[0]=-cp
 DEBUG mpjdaemon  - modified: jArgs[1]=.:/Users/senior/Desktop/Dilmun/MPJDilmun/mpj//lib/loader1.jar:/Users/senior/Desktop/Dilmun/MPJDilmun/mpj//lib/mpj.jar:/Users/senior/Desktop/Dilmun/MPJDilmun/mpj//lib/log4j-1.2.11.jar:/Users/senior/Desktop/Dilmun/MPJDilmun/mpj//lib/wrapper.jar:/Users/senior/Desktop/Dilmun/MPJDilmun/mpj/mpj-user:/Users/senior/Desktop/Dilmun/MPJDilmun/mpj/mpj-user
 DEBUG mpjdaemon  - arguments[0] = java
 DEBUG mpjdaemon  - arguments[1] = -cp
 DEBUG mpjdaemon  - arguments[2] = .:/Users/senior/Desktop/Dilmun/MPJDilmun/mpj//lib/loader1.jar:/Users/senior/Desktop/Dilmun/MPJDilmun/mpj//lib/mpj.jar:/Users/senior/Desktop/Dilmun/MPJDilmun/mpj//lib/log4j-1.2.11.jar:/Users/senior/Desktop/Dilmun/MPJDilmun/mpj//lib/wrapper.jar:/Users/senior/Desktop/Dilmun/MPJDilmun/mpj/mpj-user:/Users/senior/Desktop/Dilmun/MPJDilmun/mpj/mpj-user
 DEBUG mpjdaemon  - arguments[3] = runtime.daemon.Wrapper
 DEBUG mpjdaemon  - arguments[4] = #temp|line;#Number|of|Processes;2;#Protocol|Switch|Limit;131072;#Entry,|HOST_NAME/IP@READPORT@WRITEPORT@RANK@DEBUGPORT;192.168.8.104@0@0@0@0;192.168.8.105@0@0@1@0
 DEBUG mpjdaemon  - arguments[5] = 1
 DEBUG mpjdaemon  - arguments[6] = niodev
 DEBUG mpjdaemon  - arguments[7] = Reemis-MacBook-Pro.local
 DEBUG mpjdaemon  - arguments[8] = 40002
 DEBUG mpjdaemon  - arguments[9] = 1
 DEBUG mpjdaemon  - arguments[10] = HelloWorld
 DEBUG mpjdaemon  - starting the process 
 DEBUG mpjdaemon  - started the process 
 DEBUG mpjdaemon  - outputting ...
 DEBUG mpjdaemon  - Stopping the output
 DEBUG mpjdaemon  - Job Finished
 DEBUG mpjdaemon  - 

 ** .. execution ends .. ** 


 DEBUG mpjdaemon  - Accepting connection ..
 DEBUG mpjdaemon  - Job Started
 DEBUG mpjdaemon  - Ticket length 1029
 DEBUG mpjdaemon  - <MPJProcessInfo>
<TicketID>3a25e7ec-70af-4a54-a608-4331d23e9dd1</TicketID>
<ClassPath>/Users/senior/Desktop/Dilmun/MPJDilmun/mpj/mpj-user</ClassPath>
<MasterNode>Reemis-MacBook-Pro.local</MasterNode>
<MasterPort>40002</MasterPort>
<ProcessCount>1</ProcessCount>
<StartingRank>1</StartingRank>
<JvmArgs/>
<WorkingDirectory>/Users/senior/Desktop/Dilmun/MPJDilmun/mpj/mpj-user</WorkingDirectory>
<ZippedSource>false</ZippedSource>
<MainClass>HelloWorld</MainClass>
<DeviceName>niodev</DeviceName>
<ConfFileContents>#temp line;#Number of Processes;2;#Protocol Switch Limit;131072;#Entry, HOST_NAME/IP@READPORT@WRITEPORT@RANK@DEBUGPORT;192.168.8.104@0@0@0@0;192.168.8.105@0@0@1@0</ConfFileContents>
<AppArgs/>
<UserID>senior</UserID>
<NetworkProcessCount>-1</NetworkProcessCount>
<TotalProcessCount>-1</TotalProcessCount>
<NetworkDevice>niodev</NetworkDevice>
<MPJ_HOME>/Users/senior/Desktop/Dilmun/MPJDilmun/mpj/</MPJ_HOME>
<Debug>false</Debug>
<DebugPort>24500</DebugPort>
<Profiler>false</Profiler>
</MPJProcessInfo>

 DEBUG mpjdaemon  - configFilePath
 DEBUG mpjdaemon  - Config file created :
 DEBUG mpjdaemon  - modified: jArgs[0]=-cp
 DEBUG mpjdaemon  - modified: jArgs[1]=.:/Users/senior/Desktop/Dilmun/MPJDilmun/mpj//lib/loader1.jar:/Users/senior/Desktop/Dilmun/MPJDilmun/mpj//lib/mpj.jar:/Users/senior/Desktop/Dilmun/MPJDilmun/mpj//lib/log4j-1.2.11.jar:/Users/senior/Desktop/Dilmun/MPJDilmun/mpj//lib/wrapper.jar:/Users/senior/Desktop/Dilmun/MPJDilmun/mpj/mpj-user:/Users/senior/Desktop/Dilmun/MPJDilmun/mpj/mpj-user
 DEBUG mpjdaemon  - arguments[0] = java
 DEBUG mpjdaemon  - arguments[1] = -cp
 DEBUG mpjdaemon  - arguments[2] = .:/Users/senior/Desktop/Dilmun/MPJDilmun/mpj//lib/loader1.jar:/Users/senior/Desktop/Dilmun/MPJDilmun/mpj//lib/mpj.jar:/Users/senior/Desktop/Dilmun/MPJDilmun/mpj//lib/log4j-1.2.11.jar:/Users/senior/Desktop/Dilmun/MPJDilmun/mpj//lib/wrapper.jar:/Users/senior/Desktop/Dilmun/MPJDilmun/mpj/mpj-user:/Users/senior/Desktop/Dilmun/MPJDilmun/mpj/mpj-user
 DEBUG mpjdaemon  - arguments[3] = runtime.daemon.Wrapper
 DEBUG mpjdaemon  - arguments[4] = #temp|line;#Number|of|Processes;2;#Protocol|Switch|Limit;131072;#Entry,|HOST_NAME/IP@READPORT@WRITEPORT@RANK@DEBUGPORT;192.168.8.104@0@0@0@0;192.168.8.105@0@0@1@0
 DEBUG mpjdaemon  - arguments[5] = 1
 DEBUG mpjdaemon  - arguments[6] = niodev
 DEBUG mpjdaemon  - arguments[7] = Reemis-MacBook-Pro.local
 DEBUG mpjdaemon  - arguments[8] = 40002
 DEBUG mpjdaemon  - arguments[9] = 1
 DEBUG mpjdaemon  - arguments[10] = HelloWorld
 DEBUG mpjdaemon  - starting the process 
 DEBUG mpjdaemon  - started the process 
 DEBUG mpjdaemon  - outputting ...
 DEBUG mpjdaemon  - Stopping the output
 DEBUG mpjdaemon  - Job Finished
 DEBUG mpjdaemon  - 

 ** .. execution ends .. ** 


 DEBUG mpjdaemon  - Accepting connection ..
 DEBUG mpjdaemon  - Job Started
 DEBUG mpjdaemon  - Ticket length 1029
 DEBUG mpjdaemon  - <MPJProcessInfo>
<TicketID>c669d6db-9832-4516-9371-b812f852adc1</TicketID>
<ClassPath>/Users/senior/Desktop/Dilmun/MPJDilmun/mpj/mpj-user</ClassPath>
<MasterNode>Reemis-MacBook-Pro.local</MasterNode>
<MasterPort>40002</MasterPort>
<ProcessCount>1</ProcessCount>
<StartingRank>1</StartingRank>
<JvmArgs/>
<WorkingDirectory>/Users/senior/Desktop/Dilmun/MPJDilmun/mpj/mpj-user</WorkingDirectory>
<ZippedSource>false</ZippedSource>
<MainClass>HelloWorld</MainClass>
<DeviceName>niodev</DeviceName>
<ConfFileContents>#temp line;#Number of Processes;2;#Protocol Switch Limit;131072;#Entry, HOST_NAME/IP@READPORT@WRITEPORT@RANK@DEBUGPORT;192.168.8.104@0@0@0@0;192.168.8.105@0@0@1@0</ConfFileContents>
<AppArgs/>
<UserID>senior</UserID>
<NetworkProcessCount>-1</NetworkProcessCount>
<TotalProcessCount>-1</TotalProcessCount>
<NetworkDevice>niodev</NetworkDevice>
<MPJ_HOME>/Users/senior/Desktop/Dilmun/MPJDilmun/mpj/</MPJ_HOME>
<Debug>false</Debug>
<DebugPort>24500</DebugPort>
<Profiler>false</Profiler>
</MPJProcessInfo>

 DEBUG mpjdaemon  - configFilePath
 DEBUG mpjdaemon  - Config file created :
 DEBUG mpjdaemon  - modified: jArgs[0]=-cp
 DEBUG mpjdaemon  - modified: jArgs[1]=.:/Users/senior/Desktop/Dilmun/MPJDilmun/mpj//lib/loader1.jar:/Users/senior/Desktop/Dilmun/MPJDilmun/mpj//lib/mpj.jar:/Users/senior/Desktop/Dilmun/MPJDilmun/mpj//lib/log4j-1.2.11.jar:/Users/senior/Desktop/Dilmun/MPJDilmun/mpj//lib/wrapper.jar:/Users/senior/Desktop/Dilmun/MPJDilmun/mpj/mpj-user:/Users/senior/Desktop/Dilmun/MPJDilmun/mpj/mpj-user
 DEBUG mpjdaemon  - arguments[0] = java
 DEBUG mpjdaemon  - arguments[1] = -cp
 DEBUG mpjdaemon  - arguments[2] = .:/Users/senior/Desktop/Dilmun/MPJDilmun/mpj//lib/loader1.jar:/Users/senior/Desktop/Dilmun/MPJDilmun/mpj//lib/mpj.jar:/Users/senior/Desktop/Dilmun/MPJDilmun/mpj//lib/log4j-1.2.11.jar:/Users/senior/Desktop/Dilmun/MPJDilmun/mpj//lib/wrapper.jar:/Users/senior/Desktop/Dilmun/MPJDilmun/mpj/mpj-user:/Users/senior/Desktop/Dilmun/MPJDilmun/mpj/mpj-user
 DEBUG mpjdaemon  - arguments[3] = runtime.daemon.Wrapper
 DEBUG mpjdaemon  - arguments[4] = #temp|line;#Number|of|Processes;2;#Protocol|Switch|Limit;131072;#Entry,|HOST_NAME/IP@READPORT@WRITEPORT@RANK@DEBUGPORT;192.168.8.104@0@0@0@0;192.168.8.105@0@0@1@0
 DEBUG mpjdaemon  - arguments[5] = 1
 DEBUG mpjdaemon  - arguments[6] = niodev
 DEBUG mpjdaemon  - arguments[7] = Reemis-MacBook-Pro.local
 DEBUG mpjdaemon  - arguments[8] = 40002
 DEBUG mpjdaemon  - arguments[9] = 1
 DEBUG mpjdaemon  - arguments[10] = HelloWorld
 DEBUG mpjdaemon  - starting the process 
 DEBUG mpjdaemon  - started the process 
 DEBUG mpjdaemon  - outputting ...
 DEBUG mpjdaemon  - Stopping the output
 DEBUG mpjdaemon  - Job Finished
 DEBUG mpjdaemon  - 

 ** .. execution ends .. ** 


